[2020-01-31 07:00:26,016] multiqc                                            [DEBUG  ]  No MultiQC config found: /opt/conda/envs/nf-core-rnaseq-1.4.2/lib/python3.6/site-packages/multiqc_config.yaml
[2020-01-31 07:00:26,018] multiqc                                            [DEBUG  ]  No MultiQC config found: /home/springer/zhoux379/.multiqc_config.yaml
[2020-01-31 07:00:26,025] multiqc                                            [DEBUG  ]  Loading config settings from: multiqc_config.yaml
[2020-01-31 07:00:26,025] multiqc                                            [DEBUG  ]  Added to filename clean extensions: ['_R1', '_R2', '.hisat', '_subsamp', '.sorted']
[2020-01-31 07:00:26,026] multiqc                                            [DEBUG  ]  New config 'report_comment': This report has been generated by the <a href="https://github.com/nf-core/rnaseq" target="_blank">nf-core/rnaseq</a> analysis pipeline. For information about how to interpret these results, please see the <a href="https://github.com/nf-core/rnaseq/blob/master/docs/output.md" target="_blank">documentation</a>.

[2020-01-31 07:00:26,026] multiqc                                            [DEBUG  ]  New config 'top_modules': ['edgeR-sample-distances', 'sample-similarity', 'DupRadar', 'biotype-counts']
[2020-01-31 07:00:26,026] multiqc                                            [DEBUG  ]  New config 'report_section_order': {'software_versions': {'order': -1000}, 'nf-core-rnaseq-summary': {'order': -1100}}
[2020-01-31 07:00:26,027] multiqc                                            [DEBUG  ]  New config 'table_columns_visible': {'FastQC': {'percent_duplicates': False}}
[2020-01-31 07:00:26,027] multiqc                                            [DEBUG  ]  New config 'export_plots': True
[2020-01-31 07:00:26,031] multiqc                                            [DEBUG  ]  Loading config settings from: multiqc_config.yaml
[2020-01-31 07:00:26,031] multiqc                                            [DEBUG  ]  Added to filename clean extensions: ['_R1', '_R2', '.hisat', '_subsamp', '.sorted']
[2020-01-31 07:00:26,031] multiqc                                            [DEBUG  ]  New config 'report_comment': This report has been generated by the <a href="https://github.com/nf-core/rnaseq" target="_blank">nf-core/rnaseq</a> analysis pipeline. For information about how to interpret these results, please see the <a href="https://github.com/nf-core/rnaseq/blob/master/docs/output.md" target="_blank">documentation</a>.

[2020-01-31 07:00:26,032] multiqc                                            [DEBUG  ]  New config 'top_modules': ['edgeR-sample-distances', 'sample-similarity', 'DupRadar', 'biotype-counts']
[2020-01-31 07:00:26,032] multiqc                                            [DEBUG  ]  New config 'report_section_order': {'software_versions': {'order': -1000}, 'nf-core-rnaseq-summary': {'order': -1100}}
[2020-01-31 07:00:26,032] multiqc                                            [DEBUG  ]  New config 'table_columns_visible': {'FastQC': {'percent_duplicates': False}}
[2020-01-31 07:00:26,032] multiqc                                            [DEBUG  ]  New config 'export_plots': True
[2020-01-31 07:00:26,032] multiqc                                            [DEBUG  ]  Command used: /opt/conda/envs/nf-core-rnaseq-1.4.2/bin/multiqc . -f --title rn18j --filename rn18j_multiqc_report --config multiqc_config.yaml -m custom_content -m picard -m preseq -m rseqc -m featureCounts -m hisat2 -m star -m cutadapt -m sortmerna -m fastqc -m qualimap -m salmon
[2020-01-31 07:00:26,946] multiqc                                            [WARNING]  MultiQC Version v1.8 now available!
[2020-01-31 07:00:26,946] multiqc                                            [INFO   ]  This is MultiQC v1.7
[2020-01-31 07:00:26,946] multiqc                                            [DEBUG  ]  Command     : /opt/conda/envs/nf-core-rnaseq-1.4.2/bin/multiqc . -f --title rn18j --filename rn18j_multiqc_report --config multiqc_config.yaml -m custom_content -m picard -m preseq -m rseqc -m featureCounts -m hisat2 -m star -m cutadapt -m sortmerna -m fastqc -m qualimap -m salmon
[2020-01-31 07:00:26,946] multiqc                                            [DEBUG  ]  Working dir : /scratch.global/zhoux379/nf/work/28/5f99c9f9f2c07b16d2e743be20dc7d
[2020-01-31 07:00:26,946] multiqc                                            [INFO   ]  Template    : default
[2020-01-31 07:00:26,946] multiqc                                            [INFO   ]  Report title: rn18j
[2020-01-31 07:00:26,947] multiqc                                            [INFO   ]  Searching '.'
[2020-01-31 07:00:26,947] multiqc                                            [INFO   ]  Only using modules custom_content, picard, preseq, rseqc, featureCounts, hisat2, star, cutadapt, sortmerna, fastqc, qualimap, salmon
[2020-01-31 07:00:26,947] multiqc                                            [DEBUG  ]  Analysing modules: custom_content, qualimap, preseq, rseqc, featureCounts, picard, salmon, star, hisat2, cutadapt, sortmerna, fastqc
[2020-01-31 07:00:26,980] multiqc                                            [DEBUG  ]  Using temporary directory for creating report: /scratch.global/zhoux379/nf/tmp/tmpq3knm8me
[2020-01-31 07:00:27,220] multiqc                                            [DEBUG  ]  Ignored search patterns as didn't match running modules: adapterRemoval, afterqc, bamtools/stats, bbmap/stats, bbmap/aqhist, bbmap/bhist, bbmap/bincov, bbmap/bqhist, bbmap/covhist, bbmap/covstats, bbmap/ehist, bbmap/gchist, bbmap/idhist, bbmap/ihist, bbmap/indelhist, bbmap/lhist, bbmap/mhist, bbmap/qahist, bbmap/qhist, bbmap/rpkm, bbmap/statsfile_machine, bbmap/statsfile, bcftools/stats, bcl2fastq, biobloomtools, biscuit/align_mapq, biscuit/align_strand, biscuit/align_isize, biscuit/covdist_cpg, biscuit/covdist_cpg_q40, biscuit/covdist_cpg_q40_botgc, biscuit/covdist_cpg_q40_topgc, biscuit/covdist, biscuit/covdist_q40, biscuit/covdist_q40_botgc, biscuit/covdist_q40_topgc, biscuit/qc_cv, biscuit/qc_cpg_cv, biscuit/qc_cpg_dist, biscuit/dup_report, biscuit/markdup_report, biscuit/retention_cph_readpos, biscuit/retention_cpg_readpos, biscuit/retention_dist, biscuit/retention_dist_byread, biscuit/retention_rate_bybase, biscuit/retention_rate_byread, bismark/align, bismark/dedup, bismark/meth_extract, bismark/m_bias, bismark/bam2nuc, bowtie1, bowtie2, busco, clipandmerge, clusterflow/logs, clusterflow/runfiles, conpair/concordance, conpair/contamination, damageprofiler, dedup, deeptools/bamPEFragmentSizeTable, deeptools/bamPEFragmentSizeDistribution, deeptools/estimateReadFiltering, deeptools/plotCorrelationData, deeptools/plotCoverageStdout, deeptools/plotCoverageOutRawCounts, deeptools/plotEnrichment, deeptools/plotFingerprintOutRawCounts, deeptools/plotFingerprintOutQualityMetrics, deeptools/plotPCAData, deeptools/plotProfile, fastp, fastq_screen, flash/log, flash/hist, flexbar, gatk/varianteval, gatk/base_recalibrator, goleft_indexcov/roc, goleft_indexcov/ped, happy, htseq, hicexplorer, hicup, hicpro/mmapstat, hicpro/mpairstat, hicpro/mergestat, hicpro/mRSstat, hicpro/assplit, homer/findpeaks, homer/GCcontent, homer/genomeGCcontent, homer/RestrictionDistribution, homer/LengthDistribution, homer/tagInfo, homer/FreqDistribution, interop/summary, interop/index-summary, jellyfish, kallisto, kat, leehom, longranger/summary, longranger/invocation, macs2, methylQA, minionqc, mirtrace/summary, mirtrace/length, mirtrace/contaminationbasic, mirtrace/mirnacomplexity, disambiguate, peddy/summary_table, peddy/het_check, peddy/ped_check, peddy/sex_check, peddy/background_pca, phantompeakqualtools/out, prokka, qorts, quast, rna_seqc/metrics, rna_seqc/coverage, rna_seqc/correlation, rsem, samblaster, samtools/stats, samtools/flagstat, samtools/idxstats, samtools/rmdup, sargasso, skewer, slamdunk/summary, slamdunk/PCA, slamdunk/rates, slamdunk/utrrates, slamdunk/tcperreadpos, slamdunk/tcperutrpos, snpeff, stacks/gstacks, stacks/populations, stacks/sumstats, supernova/report, supernova/summary, supernova/molecules, supernova/kmers, theta2, tophat, trimmomatic, vcftools/relatedness2, vcftools/tstv_by_count, vcftools/tstv_by_qual, vcftools/tstv_summary, verifybamid/selfsm
[2020-01-31 07:01:25,001] multiqc                                            [DEBUG  ]  Ignoring file as matched an ignore pattern: SRR7443464_1_fastqc.html
[2020-01-31 07:01:25,002] multiqc                                            [DEBUG  ]  Ignoring file as matched an ignore pattern: SRR7443464_2_fastqc.html
[2020-01-31 07:01:25,002] multiqc                                            [DEBUG  ]  Ignoring file as matched an ignore pattern: SRR7443467_1_fastqc.html
[2020-01-31 07:01:25,002] multiqc                                            [DEBUG  ]  Ignoring file as matched an ignore pattern: SRR7443467_2_fastqc.html
[2020-01-31 07:01:25,003] multiqc                                            [DEBUG  ]  Ignoring file as matched an ignore pattern: SRR7443466_1_fastqc.html
[2020-01-31 07:01:25,003] multiqc                                            [DEBUG  ]  Ignoring file as matched an ignore pattern: SRR7443466_2_fastqc.html
[2020-01-31 07:01:25,003] multiqc                                            [DEBUG  ]  Ignoring file as matched an ignore pattern: SRR7443471_1_fastqc.html
[2020-01-31 07:01:25,004] multiqc                                            [DEBUG  ]  Ignoring file as matched an ignore pattern: SRR7443471_2_fastqc.html
[2020-01-31 07:01:25,004] multiqc                                            [DEBUG  ]  Ignoring file as matched an ignore pattern: SRR7443472_1_fastqc.html
[2020-01-31 07:01:25,004] multiqc                                            [DEBUG  ]  Ignoring file as matched an ignore pattern: SRR7443472_2_fastqc.html
[2020-01-31 07:01:25,004] multiqc                                            [DEBUG  ]  Ignoring file as matched an ignore pattern: SRR7443456_1_fastqc.html
[2020-01-31 07:01:25,005] multiqc                                            [DEBUG  ]  Ignoring file as matched an ignore pattern: SRR7443456_2_fastqc.html
[2020-01-31 07:01:25,005] multiqc                                            [DEBUG  ]  Ignoring file as matched an ignore pattern: SRR7443460_1_fastqc.html
[2020-01-31 07:01:25,005] multiqc                                            [DEBUG  ]  Ignoring file as matched an ignore pattern: SRR7443460_2_fastqc.html
[2020-01-31 07:01:25,005] multiqc                                            [DEBUG  ]  Ignoring file as matched an ignore pattern: SRR7443462_1_fastqc.html
[2020-01-31 07:01:25,006] multiqc                                            [DEBUG  ]  Ignoring file as matched an ignore pattern: SRR7443462_2_fastqc.html
[2020-01-31 07:01:25,006] multiqc                                            [DEBUG  ]  Ignoring file as matched an ignore pattern: SRR7443459_1_fastqc.html
[2020-01-31 07:01:25,006] multiqc                                            [DEBUG  ]  Ignoring file as matched an ignore pattern: SRR7443459_2_fastqc.html
[2020-01-31 07:01:25,007] multiqc                                            [DEBUG  ]  Ignoring file as matched an ignore pattern: SRR7443455_1_fastqc.html
[2020-01-31 07:01:25,007] multiqc                                            [DEBUG  ]  Ignoring file as matched an ignore pattern: SRR7443455_2_fastqc.html
[2020-01-31 07:01:25,007] multiqc                                            [DEBUG  ]  Ignoring file as matched an ignore pattern: SRR7443461_1_fastqc.html
[2020-01-31 07:01:25,007] multiqc                                            [DEBUG  ]  Ignoring file as matched an ignore pattern: SRR7443461_2_fastqc.html
[2020-01-31 07:01:25,008] multiqc                                            [DEBUG  ]  Ignoring file as matched an ignore pattern: SRR7443463_1_fastqc.html
[2020-01-31 07:01:25,008] multiqc                                            [DEBUG  ]  Ignoring file as matched an ignore pattern: SRR7443463_2_fastqc.html
[2020-01-31 07:01:25,008] multiqc                                            [DEBUG  ]  Ignoring file as matched an ignore pattern: SRR7443465_1_fastqc.html
[2020-01-31 07:01:25,009] multiqc                                            [DEBUG  ]  Ignoring file as matched an ignore pattern: SRR7443465_2_fastqc.html
[2020-01-31 07:01:25,009] multiqc                                            [DEBUG  ]  Ignoring file as matched an ignore pattern: SRR7443468_1_fastqc.html
[2020-01-31 07:01:25,009] multiqc                                            [DEBUG  ]  Ignoring file as matched an ignore pattern: SRR7443468_2_fastqc.html
[2020-01-31 07:01:25,009] multiqc                                            [DEBUG  ]  Ignoring file as matched an ignore pattern: SRR7443469_1_fastqc.html
[2020-01-31 07:01:25,010] multiqc                                            [DEBUG  ]  Ignoring file as matched an ignore pattern: SRR7443469_2_fastqc.html
[2020-01-31 07:01:25,010] multiqc                                            [DEBUG  ]  Ignoring file as matched an ignore pattern: SRR7443470_1_fastqc.html
[2020-01-31 07:01:25,010] multiqc                                            [DEBUG  ]  Ignoring file as matched an ignore pattern: SRR7443470_2_fastqc.html
[2020-01-31 07:01:25,010] multiqc                                            [DEBUG  ]  Ignoring file as matched an ignore pattern: SRR7443458_1_fastqc.html
[2020-01-31 07:01:25,011] multiqc                                            [DEBUG  ]  Ignoring file as matched an ignore pattern: SRR7443458_2_fastqc.html
[2020-01-31 07:01:25,011] multiqc                                            [DEBUG  ]  Ignoring file as matched an ignore pattern: SRR7443457_1_fastqc.html
[2020-01-31 07:01:25,011] multiqc                                            [DEBUG  ]  Ignoring file as matched an ignore pattern: SRR7443457_2_fastqc.html
[2020-01-31 07:01:25,358] multiqc                                            [DEBUG  ]  Ignoring file as matched an ignore pattern: SRR7443464.sorted.read_duplication.DupRate_plot.pdf
[2020-01-31 07:01:25,387] multiqc                                            [DEBUG  ]  Ignoring file as matched an ignore pattern: SRR7443464.sorted.rseqc.inner_distance_plot.pdf
[2020-01-31 07:01:36,283] multiqc                                            [DEBUG  ]  Ignoring file as matched an ignore pattern: SRR7443464.sorted.rseqc.junctionSaturation_plot.pdf
[2020-01-31 07:01:36,307] multiqc                                            [DEBUG  ]  Ignoring file as matched an ignore pattern: SRR7443464.sorted.rseqc.splice_events.pdf
[2020-01-31 07:01:36,307] multiqc                                            [DEBUG  ]  Ignoring file as matched an ignore pattern: SRR7443464.sorted.rseqc.splice_junction.pdf
[2020-01-31 07:01:36,321] multiqc                                            [DEBUG  ]  Ignoring file as matched an ignore pattern: SRR7443467.sorted.read_duplication.DupRate_plot.pdf
[2020-01-31 07:01:36,347] multiqc                                            [DEBUG  ]  Ignoring file as matched an ignore pattern: SRR7443467.sorted.rseqc.inner_distance_plot.pdf
[2020-01-31 07:01:42,178] multiqc                                            [DEBUG  ]  Ignoring file as matched an ignore pattern: SRR7443467.sorted.rseqc.junctionSaturation_plot.pdf
[2020-01-31 07:01:42,181] multiqc                                            [DEBUG  ]  Ignoring file as matched an ignore pattern: SRR7443467.sorted.rseqc.splice_events.pdf
[2020-01-31 07:01:42,181] multiqc                                            [DEBUG  ]  Ignoring file as matched an ignore pattern: SRR7443467.sorted.rseqc.splice_junction.pdf
[2020-01-31 07:01:42,193] multiqc                                            [DEBUG  ]  Ignoring file as matched an ignore pattern: SRR7443466.sorted.read_duplication.DupRate_plot.pdf
[2020-01-31 07:01:42,216] multiqc                                            [DEBUG  ]  Ignoring file as matched an ignore pattern: SRR7443466.sorted.rseqc.inner_distance_plot.pdf
[2020-01-31 07:06:04,355] multiqc                                            [DEBUG  ]  Ignoring file as matched an ignore pattern: SRR7443466.sorted.rseqc.junctionSaturation_plot.pdf
[2020-01-31 07:06:04,361] multiqc                                            [DEBUG  ]  Ignoring file as matched an ignore pattern: SRR7443466.sorted.rseqc.splice_events.pdf
[2020-01-31 07:06:04,361] multiqc                                            [DEBUG  ]  Ignoring file as matched an ignore pattern: SRR7443466.sorted.rseqc.splice_junction.pdf
[2020-01-31 07:06:04,375] multiqc                                            [DEBUG  ]  Ignoring file as matched an ignore pattern: SRR7443471.sorted.read_duplication.DupRate_plot.pdf
[2020-01-31 07:06:04,400] multiqc                                            [DEBUG  ]  Ignoring file as matched an ignore pattern: SRR7443471.sorted.rseqc.inner_distance_plot.pdf
[2020-01-31 07:06:13,916] multiqc                                            [DEBUG  ]  Ignoring file as matched an ignore pattern: SRR7443471.sorted.rseqc.junctionSaturation_plot.pdf
[2020-01-31 07:06:13,920] multiqc                                            [DEBUG  ]  Ignoring file as matched an ignore pattern: SRR7443471.sorted.rseqc.splice_events.pdf
[2020-01-31 07:06:13,920] multiqc                                            [DEBUG  ]  Ignoring file as matched an ignore pattern: SRR7443471.sorted.rseqc.splice_junction.pdf
[2020-01-31 07:06:13,932] multiqc                                            [DEBUG  ]  Ignoring file as matched an ignore pattern: SRR7443460.sorted.read_duplication.DupRate_plot.pdf
[2020-01-31 07:06:13,961] multiqc                                            [DEBUG  ]  Ignoring file as matched an ignore pattern: SRR7443460.sorted.rseqc.inner_distance_plot.pdf
[2020-01-31 07:06:20,945] multiqc                                            [DEBUG  ]  Ignoring file as matched an ignore pattern: SRR7443460.sorted.rseqc.junctionSaturation_plot.pdf
[2020-01-31 07:06:20,949] multiqc                                            [DEBUG  ]  Ignoring file as matched an ignore pattern: SRR7443460.sorted.rseqc.splice_events.pdf
[2020-01-31 07:06:20,949] multiqc                                            [DEBUG  ]  Ignoring file as matched an ignore pattern: SRR7443460.sorted.rseqc.splice_junction.pdf
[2020-01-31 07:06:20,982] multiqc                                            [DEBUG  ]  Ignoring file as matched an ignore pattern: SRR7443472.sorted.read_duplication.DupRate_plot.pdf
[2020-01-31 07:06:21,007] multiqc                                            [DEBUG  ]  Ignoring file as matched an ignore pattern: SRR7443472.sorted.rseqc.inner_distance_plot.pdf
[2020-01-31 07:06:35,469] multiqc                                            [DEBUG  ]  Ignoring file as matched an ignore pattern: SRR7443472.sorted.rseqc.junctionSaturation_plot.pdf
[2020-01-31 07:06:35,474] multiqc                                            [DEBUG  ]  Ignoring file as matched an ignore pattern: SRR7443472.sorted.rseqc.splice_events.pdf
[2020-01-31 07:06:35,474] multiqc                                            [DEBUG  ]  Ignoring file as matched an ignore pattern: SRR7443472.sorted.rseqc.splice_junction.pdf
[2020-01-31 07:06:35,488] multiqc                                            [DEBUG  ]  Ignoring file as matched an ignore pattern: SRR7443459.sorted.read_duplication.DupRate_plot.pdf
[2020-01-31 07:06:35,509] multiqc                                            [DEBUG  ]  Ignoring file as matched an ignore pattern: SRR7443459.sorted.rseqc.inner_distance_plot.pdf
[2020-01-31 07:06:46,253] multiqc                                            [DEBUG  ]  Ignoring file as matched an ignore pattern: SRR7443459.sorted.rseqc.junctionSaturation_plot.pdf
[2020-01-31 07:06:46,258] multiqc                                            [DEBUG  ]  Ignoring file as matched an ignore pattern: SRR7443459.sorted.rseqc.splice_events.pdf
[2020-01-31 07:06:46,258] multiqc                                            [DEBUG  ]  Ignoring file as matched an ignore pattern: SRR7443459.sorted.rseqc.splice_junction.pdf
[2020-01-31 07:06:46,270] multiqc                                            [DEBUG  ]  Ignoring file as matched an ignore pattern: SRR7443462.sorted.read_duplication.DupRate_plot.pdf
[2020-01-31 07:06:46,287] multiqc                                            [DEBUG  ]  Ignoring file as matched an ignore pattern: SRR7443462.sorted.rseqc.inner_distance_plot.pdf
[2020-01-31 07:10:38,921] multiqc                                            [DEBUG  ]  Ignoring file as matched an ignore pattern: SRR7443462.sorted.rseqc.junctionSaturation_plot.pdf
[2020-01-31 07:10:38,925] multiqc                                            [DEBUG  ]  Ignoring file as matched an ignore pattern: SRR7443462.sorted.rseqc.splice_events.pdf
[2020-01-31 07:10:38,925] multiqc                                            [DEBUG  ]  Ignoring file as matched an ignore pattern: SRR7443462.sorted.rseqc.splice_junction.pdf
[2020-01-31 07:10:38,938] multiqc                                            [DEBUG  ]  Ignoring file as matched an ignore pattern: SRR7443461.sorted.read_duplication.DupRate_plot.pdf
[2020-01-31 07:10:38,965] multiqc                                            [DEBUG  ]  Ignoring file as matched an ignore pattern: SRR7443461.sorted.rseqc.inner_distance_plot.pdf
[2020-01-31 07:10:46,037] multiqc                                            [DEBUG  ]  Ignoring file as matched an ignore pattern: SRR7443461.sorted.rseqc.junctionSaturation_plot.pdf
[2020-01-31 07:10:46,041] multiqc                                            [DEBUG  ]  Ignoring file as matched an ignore pattern: SRR7443461.sorted.rseqc.splice_events.pdf
[2020-01-31 07:10:46,041] multiqc                                            [DEBUG  ]  Ignoring file as matched an ignore pattern: SRR7443461.sorted.rseqc.splice_junction.pdf
[2020-01-31 07:10:46,053] multiqc                                            [DEBUG  ]  Ignoring file as matched an ignore pattern: SRR7443455.sorted.read_duplication.DupRate_plot.pdf
[2020-01-31 07:10:46,082] multiqc                                            [DEBUG  ]  Ignoring file as matched an ignore pattern: SRR7443455.sorted.rseqc.inner_distance_plot.pdf
[2020-01-31 07:10:58,909] multiqc                                            [DEBUG  ]  Ignoring file as matched an ignore pattern: SRR7443455.sorted.rseqc.junctionSaturation_plot.pdf
[2020-01-31 07:10:58,938] multiqc                                            [DEBUG  ]  Ignoring file as matched an ignore pattern: SRR7443455.sorted.rseqc.splice_events.pdf
[2020-01-31 07:10:58,939] multiqc                                            [DEBUG  ]  Ignoring file as matched an ignore pattern: SRR7443455.sorted.rseqc.splice_junction.pdf
[2020-01-31 07:10:58,951] multiqc                                            [DEBUG  ]  Ignoring file as matched an ignore pattern: SRR7443463.sorted.read_duplication.DupRate_plot.pdf
[2020-01-31 07:10:58,973] multiqc                                            [DEBUG  ]  Ignoring file as matched an ignore pattern: SRR7443463.sorted.rseqc.inner_distance_plot.pdf
[2020-01-31 07:15:29,877] multiqc                                            [DEBUG  ]  Ignoring file as matched an ignore pattern: SRR7443463.sorted.rseqc.junctionSaturation_plot.pdf
[2020-01-31 07:15:29,884] multiqc                                            [DEBUG  ]  Ignoring file as matched an ignore pattern: SRR7443463.sorted.rseqc.splice_events.pdf
[2020-01-31 07:15:29,884] multiqc                                            [DEBUG  ]  Ignoring file as matched an ignore pattern: SRR7443463.sorted.rseqc.splice_junction.pdf
[2020-01-31 07:15:31,381] multiqc                                            [DEBUG  ]  Ignoring file as matched an ignore pattern: SRR7443465.sorted.read_duplication.DupRate_plot.pdf
[2020-01-31 07:15:31,406] multiqc                                            [DEBUG  ]  Ignoring file as matched an ignore pattern: SRR7443465.sorted.rseqc.inner_distance_plot.pdf
[2020-01-31 07:15:46,851] multiqc                                            [DEBUG  ]  Ignoring file as matched an ignore pattern: SRR7443465.sorted.rseqc.junctionSaturation_plot.pdf
[2020-01-31 07:15:46,859] multiqc                                            [DEBUG  ]  Ignoring file as matched an ignore pattern: SRR7443465.sorted.rseqc.splice_events.pdf
[2020-01-31 07:15:46,860] multiqc                                            [DEBUG  ]  Ignoring file as matched an ignore pattern: SRR7443465.sorted.rseqc.splice_junction.pdf
[2020-01-31 07:15:46,876] multiqc                                            [DEBUG  ]  Ignoring file as matched an ignore pattern: SRR7443469.sorted.read_duplication.DupRate_plot.pdf
[2020-01-31 07:15:46,921] multiqc                                            [DEBUG  ]  Ignoring file as matched an ignore pattern: SRR7443469.sorted.rseqc.inner_distance_plot.pdf
[2020-01-31 07:16:02,436] multiqc                                            [DEBUG  ]  Ignoring file as matched an ignore pattern: SRR7443469.sorted.rseqc.junctionSaturation_plot.pdf
[2020-01-31 07:16:02,440] multiqc                                            [DEBUG  ]  Ignoring file as matched an ignore pattern: SRR7443469.sorted.rseqc.splice_events.pdf
[2020-01-31 07:16:02,440] multiqc                                            [DEBUG  ]  Ignoring file as matched an ignore pattern: SRR7443469.sorted.rseqc.splice_junction.pdf
[2020-01-31 07:16:02,453] multiqc                                            [DEBUG  ]  Ignoring file as matched an ignore pattern: SRR7443457.sorted.read_duplication.DupRate_plot.pdf
[2020-01-31 07:16:02,480] multiqc                                            [DEBUG  ]  Ignoring file as matched an ignore pattern: SRR7443457.sorted.rseqc.inner_distance_plot.pdf
[2020-01-31 07:16:10,099] multiqc                                            [DEBUG  ]  Ignoring file as matched an ignore pattern: SRR7443457.sorted.rseqc.junctionSaturation_plot.pdf
[2020-01-31 07:16:10,103] multiqc                                            [DEBUG  ]  Ignoring file as matched an ignore pattern: SRR7443457.sorted.rseqc.splice_events.pdf
[2020-01-31 07:16:10,103] multiqc                                            [DEBUG  ]  Ignoring file as matched an ignore pattern: SRR7443457.sorted.rseqc.splice_junction.pdf
[2020-01-31 07:16:10,118] multiqc                                            [DEBUG  ]  Ignoring file as matched an ignore pattern: SRR7443456.sorted.read_duplication.DupRate_plot.pdf
[2020-01-31 07:16:10,173] multiqc                                            [DEBUG  ]  Ignoring file as matched an ignore pattern: SRR7443456.sorted.rseqc.inner_distance_plot.pdf
[2020-01-31 07:16:27,477] multiqc                                            [DEBUG  ]  Ignoring file as matched an ignore pattern: SRR7443456.sorted.rseqc.junctionSaturation_plot.pdf
[2020-01-31 07:16:27,482] multiqc                                            [DEBUG  ]  Ignoring file as matched an ignore pattern: SRR7443456.sorted.rseqc.splice_events.pdf
[2020-01-31 07:16:27,483] multiqc                                            [DEBUG  ]  Ignoring file as matched an ignore pattern: SRR7443456.sorted.rseqc.splice_junction.pdf
[2020-01-31 07:16:27,495] multiqc                                            [DEBUG  ]  Ignoring file as matched an ignore pattern: SRR7443468.sorted.read_duplication.DupRate_plot.pdf
[2020-01-31 07:16:27,518] multiqc                                            [DEBUG  ]  Ignoring file as matched an ignore pattern: SRR7443468.sorted.rseqc.inner_distance_plot.pdf
[2020-01-31 07:16:40,462] multiqc                                            [DEBUG  ]  Ignoring file as matched an ignore pattern: SRR7443468.sorted.rseqc.junctionSaturation_plot.pdf
[2020-01-31 07:16:40,466] multiqc                                            [DEBUG  ]  Ignoring file as matched an ignore pattern: SRR7443468.sorted.rseqc.splice_events.pdf
[2020-01-31 07:16:40,466] multiqc                                            [DEBUG  ]  Ignoring file as matched an ignore pattern: SRR7443468.sorted.rseqc.splice_junction.pdf
[2020-01-31 07:16:40,477] multiqc                                            [DEBUG  ]  Ignoring file as matched an ignore pattern: SRR7443470.sorted.read_duplication.DupRate_plot.pdf
[2020-01-31 07:16:40,503] multiqc                                            [DEBUG  ]  Ignoring file as matched an ignore pattern: SRR7443470.sorted.rseqc.inner_distance_plot.pdf
[2020-01-31 07:16:49,418] multiqc                                            [DEBUG  ]  Ignoring file as matched an ignore pattern: SRR7443470.sorted.rseqc.junctionSaturation_plot.pdf
[2020-01-31 07:16:49,422] multiqc                                            [DEBUG  ]  Ignoring file as matched an ignore pattern: SRR7443470.sorted.rseqc.splice_events.pdf
[2020-01-31 07:16:49,422] multiqc                                            [DEBUG  ]  Ignoring file as matched an ignore pattern: SRR7443470.sorted.rseqc.splice_junction.pdf
[2020-01-31 07:16:49,434] multiqc                                            [DEBUG  ]  Ignoring file as matched an ignore pattern: SRR7443458.sorted.read_duplication.DupRate_plot.pdf
[2020-01-31 07:16:51,349] multiqc                                            [DEBUG  ]  Ignoring file as matched an ignore pattern: SRR7443458.sorted.rseqc.inner_distance_plot.pdf
[2020-01-31 07:17:00,909] multiqc                                            [DEBUG  ]  Ignoring file as matched an ignore pattern: SRR7443458.sorted.rseqc.junctionSaturation_plot.pdf
[2020-01-31 07:17:00,912] multiqc                                            [DEBUG  ]  Ignoring file as matched an ignore pattern: SRR7443458.sorted.rseqc.splice_events.pdf
[2020-01-31 07:17:00,912] multiqc                                            [DEBUG  ]  Ignoring file as matched an ignore pattern: SRR7443458.sorted.rseqc.splice_junction.pdf
[2020-01-31 07:17:00,915] multiqc                                            [DEBUG  ]  Ignoring file as matched an ignore pattern: qualimapReport.html
[2020-01-31 07:17:03,276] multiqc                                            [DEBUG  ]  Ignoring file as matched an ignore pattern: qualimapReport.html
[2020-01-31 07:17:05,822] multiqc                                            [DEBUG  ]  Ignoring file as matched an ignore pattern: qualimapReport.html
[2020-01-31 07:17:08,517] multiqc                                            [DEBUG  ]  Ignoring file as matched an ignore pattern: qualimapReport.html
[2020-01-31 07:17:11,396] multiqc                                            [DEBUG  ]  Ignoring file as matched an ignore pattern: qualimapReport.html
[2020-01-31 07:17:13,722] multiqc                                            [DEBUG  ]  Ignoring file as matched an ignore pattern: qualimapReport.html
[2020-01-31 07:17:26,171] multiqc                                            [DEBUG  ]  Ignoring file as matched an ignore pattern: qualimapReport.html
[2020-01-31 07:17:26,393] multiqc                                            [DEBUG  ]  Ignoring file as matched an ignore pattern: qualimapReport.html
[2020-01-31 07:17:26,558] multiqc                                            [DEBUG  ]  Ignoring file as matched an ignore pattern: qualimapReport.html
[2020-01-31 07:17:33,769] multiqc                                            [DEBUG  ]  Ignoring file as matched an ignore pattern: qualimapReport.html
[2020-01-31 07:17:36,277] multiqc                                            [DEBUG  ]  Ignoring file as matched an ignore pattern: qualimapReport.html
[2020-01-31 07:17:36,625] multiqc                                            [DEBUG  ]  Ignoring file as matched an ignore pattern: qualimapReport.html
[2020-01-31 07:17:39,222] multiqc                                            [DEBUG  ]  Ignoring file as matched an ignore pattern: qualimapReport.html
[2020-01-31 07:17:39,374] multiqc                                            [DEBUG  ]  Ignoring file as matched an ignore pattern: qualimapReport.html
[2020-01-31 07:17:41,709] multiqc                                            [DEBUG  ]  Ignoring file as matched an ignore pattern: qualimapReport.html
[2020-01-31 07:17:42,535] multiqc                                            [DEBUG  ]  Ignoring file as matched an ignore pattern: qualimapReport.html
[2020-01-31 07:17:42,781] multiqc                                            [DEBUG  ]  Ignoring file as matched an ignore pattern: qualimapReport.html
[2020-01-31 07:17:43,056] multiqc                                            [DEBUG  ]  Ignoring file as matched an ignore pattern: qualimapReport.html
[2020-01-31 07:17:46,203] multiqc                                            [DEBUG  ]  Ignoring file as matched an ignore pattern: SRR7443467_duprateExpBoxplot.pdf
[2020-01-31 07:17:46,203] multiqc                                            [DEBUG  ]  Ignoring file as matched an ignore pattern: SRR7443467_duprateExpDens.pdf
[2020-01-31 07:17:46,204] multiqc                                            [DEBUG  ]  Ignoring file as matched an ignore pattern: SRR7443467_expressionHist.pdf
[2020-01-31 07:17:51,938] multiqc                                            [DEBUG  ]  Ignoring file as matched an ignore pattern: SRR7443464_duprateExpBoxplot.pdf
[2020-01-31 07:17:51,939] multiqc                                            [DEBUG  ]  Ignoring file as matched an ignore pattern: SRR7443464_duprateExpDens.pdf
[2020-01-31 07:17:51,939] multiqc                                            [DEBUG  ]  Ignoring file as matched an ignore pattern: SRR7443464_expressionHist.pdf
[2020-01-31 07:17:55,285] multiqc                                            [DEBUG  ]  Ignoring file as matched an ignore pattern: SRR7443466_duprateExpBoxplot.pdf
[2020-01-31 07:17:55,286] multiqc                                            [DEBUG  ]  Ignoring file as matched an ignore pattern: SRR7443466_duprateExpDens.pdf
[2020-01-31 07:17:55,286] multiqc                                            [DEBUG  ]  Ignoring file as matched an ignore pattern: SRR7443466_expressionHist.pdf
[2020-01-31 07:18:00,683] multiqc                                            [DEBUG  ]  Ignoring file as matched an ignore pattern: SRR7443471_duprateExpBoxplot.pdf
[2020-01-31 07:18:00,683] multiqc                                            [DEBUG  ]  Ignoring file as matched an ignore pattern: SRR7443471_duprateExpDens.pdf
[2020-01-31 07:18:00,683] multiqc                                            [DEBUG  ]  Ignoring file as matched an ignore pattern: SRR7443471_expressionHist.pdf
[2020-01-31 07:20:57,385] multiqc                                            [DEBUG  ]  Ignoring file as matched an ignore pattern: SRR7443460_duprateExpBoxplot.pdf
[2020-01-31 07:20:57,385] multiqc                                            [DEBUG  ]  Ignoring file as matched an ignore pattern: SRR7443460_duprateExpDens.pdf
[2020-01-31 07:20:57,385] multiqc                                            [DEBUG  ]  Ignoring file as matched an ignore pattern: SRR7443460_expressionHist.pdf
[2020-01-31 07:21:01,829] multiqc                                            [DEBUG  ]  Ignoring file as matched an ignore pattern: SRR7443472_duprateExpBoxplot.pdf
[2020-01-31 07:21:01,829] multiqc                                            [DEBUG  ]  Ignoring file as matched an ignore pattern: SRR7443472_duprateExpDens.pdf
[2020-01-31 07:21:01,829] multiqc                                            [DEBUG  ]  Ignoring file as matched an ignore pattern: SRR7443472_expressionHist.pdf
[2020-01-31 07:21:09,719] multiqc                                            [DEBUG  ]  Ignoring file as matched an ignore pattern: SRR7443459_duprateExpBoxplot.pdf
[2020-01-31 07:21:09,719] multiqc                                            [DEBUG  ]  Ignoring file as matched an ignore pattern: SRR7443459_duprateExpDens.pdf
[2020-01-31 07:21:09,720] multiqc                                            [DEBUG  ]  Ignoring file as matched an ignore pattern: SRR7443459_expressionHist.pdf
[2020-01-31 07:21:14,648] multiqc                                            [DEBUG  ]  Ignoring file as matched an ignore pattern: SRR7443462_duprateExpBoxplot.pdf
[2020-01-31 07:21:14,648] multiqc                                            [DEBUG  ]  Ignoring file as matched an ignore pattern: SRR7443462_duprateExpDens.pdf
[2020-01-31 07:21:14,649] multiqc                                            [DEBUG  ]  Ignoring file as matched an ignore pattern: SRR7443462_expressionHist.pdf
[2020-01-31 07:21:21,550] multiqc                                            [DEBUG  ]  Ignoring file as matched an ignore pattern: SRR7443461_duprateExpBoxplot.pdf
[2020-01-31 07:21:21,550] multiqc                                            [DEBUG  ]  Ignoring file as matched an ignore pattern: SRR7443461_duprateExpDens.pdf
[2020-01-31 07:21:21,551] multiqc                                            [DEBUG  ]  Ignoring file as matched an ignore pattern: SRR7443461_expressionHist.pdf
[2020-01-31 07:21:32,131] multiqc                                            [DEBUG  ]  Ignoring file as matched an ignore pattern: SRR7443455_duprateExpBoxplot.pdf
[2020-01-31 07:21:32,131] multiqc                                            [DEBUG  ]  Ignoring file as matched an ignore pattern: SRR7443455_duprateExpDens.pdf
[2020-01-31 07:21:32,131] multiqc                                            [DEBUG  ]  Ignoring file as matched an ignore pattern: SRR7443455_expressionHist.pdf
[2020-01-31 07:21:34,745] multiqc                                            [DEBUG  ]  Ignoring file as matched an ignore pattern: SRR7443463_duprateExpBoxplot.pdf
[2020-01-31 07:21:34,745] multiqc                                            [DEBUG  ]  Ignoring file as matched an ignore pattern: SRR7443463_duprateExpDens.pdf
[2020-01-31 07:21:34,746] multiqc                                            [DEBUG  ]  Ignoring file as matched an ignore pattern: SRR7443463_expressionHist.pdf
[2020-01-31 07:21:39,813] multiqc                                            [DEBUG  ]  Ignoring file as matched an ignore pattern: SRR7443457_duprateExpBoxplot.pdf
[2020-01-31 07:21:39,814] multiqc                                            [DEBUG  ]  Ignoring file as matched an ignore pattern: SRR7443457_duprateExpDens.pdf
[2020-01-31 07:21:39,814] multiqc                                            [DEBUG  ]  Ignoring file as matched an ignore pattern: SRR7443457_expressionHist.pdf
[2020-01-31 07:21:44,493] multiqc                                            [DEBUG  ]  Ignoring file as matched an ignore pattern: SRR7443465_duprateExpBoxplot.pdf
[2020-01-31 07:21:44,493] multiqc                                            [DEBUG  ]  Ignoring file as matched an ignore pattern: SRR7443465_duprateExpDens.pdf
[2020-01-31 07:21:44,493] multiqc                                            [DEBUG  ]  Ignoring file as matched an ignore pattern: SRR7443465_expressionHist.pdf
[2020-01-31 07:24:52,414] multiqc                                            [DEBUG  ]  Ignoring file as matched an ignore pattern: SRR7443468_duprateExpBoxplot.pdf
[2020-01-31 07:24:52,414] multiqc                                            [DEBUG  ]  Ignoring file as matched an ignore pattern: SRR7443468_duprateExpDens.pdf
[2020-01-31 07:24:52,414] multiqc                                            [DEBUG  ]  Ignoring file as matched an ignore pattern: SRR7443468_expressionHist.pdf
[2020-01-31 07:27:07,276] multiqc                                            [DEBUG  ]  Ignoring file as matched an ignore pattern: SRR7443456_duprateExpBoxplot.pdf
[2020-01-31 07:27:07,276] multiqc                                            [DEBUG  ]  Ignoring file as matched an ignore pattern: SRR7443456_duprateExpDens.pdf
[2020-01-31 07:27:07,277] multiqc                                            [DEBUG  ]  Ignoring file as matched an ignore pattern: SRR7443456_expressionHist.pdf
[2020-01-31 07:27:10,227] multiqc                                            [DEBUG  ]  Ignoring file as matched an ignore pattern: SRR7443470_duprateExpBoxplot.pdf
[2020-01-31 07:27:10,227] multiqc                                            [DEBUG  ]  Ignoring file as matched an ignore pattern: SRR7443470_duprateExpDens.pdf
[2020-01-31 07:27:10,227] multiqc                                            [DEBUG  ]  Ignoring file as matched an ignore pattern: SRR7443470_expressionHist.pdf
[2020-01-31 07:27:13,614] multiqc                                            [DEBUG  ]  Ignoring file as matched an ignore pattern: SRR7443469_duprateExpBoxplot.pdf
[2020-01-31 07:27:13,615] multiqc                                            [DEBUG  ]  Ignoring file as matched an ignore pattern: SRR7443469_duprateExpDens.pdf
[2020-01-31 07:27:13,615] multiqc                                            [DEBUG  ]  Ignoring file as matched an ignore pattern: SRR7443469_expressionHist.pdf
[2020-01-31 07:27:16,343] multiqc                                            [DEBUG  ]  Ignoring file as matched an ignore pattern: SRR7443458_duprateExpBoxplot.pdf
[2020-01-31 07:27:16,343] multiqc                                            [DEBUG  ]  Ignoring file as matched an ignore pattern: SRR7443458_duprateExpDens.pdf
[2020-01-31 07:27:16,343] multiqc                                            [DEBUG  ]  Ignoring file as matched an ignore pattern: SRR7443458_expressionHist.pdf
[2020-01-31 07:37:30,089] multiqc                                            [DEBUG  ]  Ignoring file as matched an ignore pattern: edgeR_MDS_plot.pdf
[2020-01-31 07:37:30,090] multiqc                                            [DEBUG  ]  Ignoring file as matched an ignore pattern: log2CPM_sample_correlation_heatmap.pdf
[2020-01-31 07:37:30,090] multiqc                                            [DEBUG  ]  Ignoring file as matched an ignore pattern: log2CPM_sample_distances_dendrogram.pdf
[2020-01-31 07:37:36,299] multiqc.modules.custom_content.custom_content      [INFO   ]  nf-core-rnaseq-summary: Found 1 sample (html)
[2020-01-31 07:37:36,300] multiqc.modules.custom_content.custom_content      [INFO   ]  nf-core-rnaseq-summary: Found 2373 samples (html)
[2020-01-31 07:37:54,169] multiqc.modules.custom_content.custom_content      [INFO   ]  DupRadar: Found 18 samples (linegraph)
[2020-01-31 07:37:57,658] multiqc.modules.custom_content.custom_content      [INFO   ]  biotype-counts: Found 18 samples (bargraph)
[2020-01-31 07:37:57,659] multiqc.modules.custom_content.custom_content      [INFO   ]  edgeR-sample-distances: Found 18 samples (scatter)
[2020-01-31 07:37:57,659] multiqc.modules.custom_content.custom_content      [INFO   ]  sample-similarity: Found 18 samples (heatmap)
[2020-01-31 07:37:57,659] multiqc.modules.custom_content.custom_content      [INFO   ]  software_versions: Found 1 sample (html)
[2020-01-31 07:37:57,659] multiqc.modules.custom_content.custom_content      [INFO   ]  software_versions: Found 1055 samples (html)
[2020-01-31 07:38:06,503] multiqc.modules.qualimap.qualimap                  [INFO   ]  Found 18 RNASeq reports
[2020-01-31 07:38:20,048] multiqc.modules.preseq.preseq                      [INFO   ]  Found 18 reports
[2020-01-31 07:38:24,662] multiqc.modules.rseqc.rseqc                        [INFO   ]  Found 18 read_distribution reports
[2020-01-31 07:38:28,658] multiqc.modules.rseqc.rseqc                        [INFO   ]  Found 18 inner_distance reports
[2020-01-31 07:38:29,481] multiqc.modules.rseqc.rseqc                        [INFO   ]  Found 18 read_duplication reports
[2020-01-31 07:38:52,745] multiqc.modules.rseqc.rseqc                        [INFO   ]  Found 18 junction_saturation reports
[2020-01-31 07:38:53,916] multiqc.modules.rseqc.rseqc                        [INFO   ]  Found 18 infer_experiment reports
[2020-01-31 07:38:53,930] multiqc.modules.featureCounts.feature_counts       [INFO   ]  Found 18 reports
[2020-01-31 07:38:56,350] multiqc                                            [DEBUG  ]  No samples found: picard
[2020-01-31 07:38:56,469] multiqc.modules.salmon.salmon                      [INFO   ]  Found 18 meta reports
[2020-01-31 07:38:56,480] multiqc.modules.salmon.salmon                      [INFO   ]  Found 18 fragment length distributions
[2020-01-31 07:38:57,354] multiqc                                            [DEBUG  ]  No samples found: star
[2020-01-31 07:38:57,385] multiqc.modules.hisat2.hisat2                      [INFO   ]  Found 18 reports
[2020-01-31 07:39:09,158] multiqc.modules.cutadapt.cutadapt                  [INFO   ]  Found 36 reports
[2020-01-31 07:39:11,737] multiqc                                            [DEBUG  ]  No samples found: sortmerna
[2020-01-31 07:39:12,335] multiqc.modules.fastqc.fastqc                      [INFO   ]  Found 36 reports
[2020-01-31 07:39:32,963] multiqc                                            [INFO   ]  Compressing plot data
[2020-01-31 07:39:38,491] multiqc                                            [INFO   ]  Report      : rn18j_multiqc_report.html
[2020-01-31 07:39:38,491] multiqc                                            [INFO   ]  Data        : rn18j_multiqc_report_data
[2020-01-31 07:39:38,504] multiqc                                            [DEBUG  ]  Moving data file from '/scratch.global/zhoux379/nf/tmp/tmpq3knm8me/multiqc_data/mqc_mqc_mplplot_hliqvktmwo_1.txt' to '/scratch.global/zhoux379/nf/work/28/5f99c9f9f2c07b16d2e743be20dc7d/rn18j_multiqc_report_data'
[2020-01-31 07:39:38,652] multiqc                                            [DEBUG  ]  Moving data file from '/scratch.global/zhoux379/nf/tmp/tmpq3knm8me/multiqc_data/mqc_featureCounts_biotype_plot_1.txt' to '/scratch.global/zhoux379/nf/work/28/5f99c9f9f2c07b16d2e743be20dc7d/rn18j_multiqc_report_data'
[2020-01-31 07:39:38,671] multiqc                                            [DEBUG  ]  Moving data file from '/scratch.global/zhoux379/nf/tmp/tmpq3knm8me/multiqc_data/mqc_qualimap_genomic_origin_1.txt' to '/scratch.global/zhoux379/nf/work/28/5f99c9f9f2c07b16d2e743be20dc7d/rn18j_multiqc_report_data'
[2020-01-31 07:39:38,710] multiqc                                            [DEBUG  ]  Moving data file from '/scratch.global/zhoux379/nf/tmp/tmpq3knm8me/multiqc_data/mqc_qualimap_gene_coverage_profile_1.txt' to '/scratch.global/zhoux379/nf/work/28/5f99c9f9f2c07b16d2e743be20dc7d/rn18j_multiqc_report_data'
[2020-01-31 07:39:38,727] multiqc                                            [DEBUG  ]  Moving data file from '/scratch.global/zhoux379/nf/tmp/tmpq3knm8me/multiqc_data/mqc_preseq_plot_1.txt' to '/scratch.global/zhoux379/nf/work/28/5f99c9f9f2c07b16d2e743be20dc7d/rn18j_multiqc_report_data'
[2020-01-31 07:39:38,750] multiqc                                            [DEBUG  ]  Moving data file from '/scratch.global/zhoux379/nf/tmp/tmpq3knm8me/multiqc_data/multiqc_rseqc_read_distribution.txt' to '/scratch.global/zhoux379/nf/work/28/5f99c9f9f2c07b16d2e743be20dc7d/rn18j_multiqc_report_data'
[2020-01-31 07:39:38,769] multiqc                                            [DEBUG  ]  Moving data file from '/scratch.global/zhoux379/nf/tmp/tmpq3knm8me/multiqc_data/mqc_rseqc_read_distribution_plot_1.txt' to '/scratch.global/zhoux379/nf/work/28/5f99c9f9f2c07b16d2e743be20dc7d/rn18j_multiqc_report_data'
[2020-01-31 07:39:38,789] multiqc                                            [DEBUG  ]  Moving data file from '/scratch.global/zhoux379/nf/tmp/tmpq3knm8me/multiqc_data/mqc_rseqc_inner_distance_plot_Counts.txt' to '/scratch.global/zhoux379/nf/work/28/5f99c9f9f2c07b16d2e743be20dc7d/rn18j_multiqc_report_data'
[2020-01-31 07:39:38,809] multiqc                                            [DEBUG  ]  Moving data file from '/scratch.global/zhoux379/nf/tmp/tmpq3knm8me/multiqc_data/mqc_rseqc_inner_distance_plot_Percentages.txt' to '/scratch.global/zhoux379/nf/work/28/5f99c9f9f2c07b16d2e743be20dc7d/rn18j_multiqc_report_data'
[2020-01-31 07:39:38,868] multiqc                                            [DEBUG  ]  Moving data file from '/scratch.global/zhoux379/nf/tmp/tmpq3knm8me/multiqc_data/mqc_rseqc_read_dups_plot_1.txt' to '/scratch.global/zhoux379/nf/work/28/5f99c9f9f2c07b16d2e743be20dc7d/rn18j_multiqc_report_data'
[2020-01-31 07:39:38,887] multiqc                                            [DEBUG  ]  Moving data file from '/scratch.global/zhoux379/nf/tmp/tmpq3knm8me/multiqc_data/mqc_rseqc_junction_saturation_plot_Known_Junctions.txt' to '/scratch.global/zhoux379/nf/work/28/5f99c9f9f2c07b16d2e743be20dc7d/rn18j_multiqc_report_data'
[2020-01-31 07:39:38,909] multiqc                                            [DEBUG  ]  Moving data file from '/scratch.global/zhoux379/nf/tmp/tmpq3knm8me/multiqc_data/mqc_rseqc_junction_saturation_plot_Novel_Junctions.txt' to '/scratch.global/zhoux379/nf/work/28/5f99c9f9f2c07b16d2e743be20dc7d/rn18j_multiqc_report_data'
[2020-01-31 07:39:38,928] multiqc                                            [DEBUG  ]  Moving data file from '/scratch.global/zhoux379/nf/tmp/tmpq3knm8me/multiqc_data/mqc_rseqc_junction_saturation_plot_All_Junctions.txt' to '/scratch.global/zhoux379/nf/work/28/5f99c9f9f2c07b16d2e743be20dc7d/rn18j_multiqc_report_data'
[2020-01-31 07:39:38,947] multiqc                                            [DEBUG  ]  Moving data file from '/scratch.global/zhoux379/nf/tmp/tmpq3knm8me/multiqc_data/multiqc_rseqc_infer_experiment.txt' to '/scratch.global/zhoux379/nf/work/28/5f99c9f9f2c07b16d2e743be20dc7d/rn18j_multiqc_report_data'
[2020-01-31 07:39:38,968] multiqc                                            [DEBUG  ]  Moving data file from '/scratch.global/zhoux379/nf/tmp/tmpq3knm8me/multiqc_data/mqc_rseqc_infer_experiment_plot_1.txt' to '/scratch.global/zhoux379/nf/work/28/5f99c9f9f2c07b16d2e743be20dc7d/rn18j_multiqc_report_data'
[2020-01-31 07:39:38,996] multiqc                                            [DEBUG  ]  Moving data file from '/scratch.global/zhoux379/nf/tmp/tmpq3knm8me/multiqc_data/multiqc_featureCounts.txt' to '/scratch.global/zhoux379/nf/work/28/5f99c9f9f2c07b16d2e743be20dc7d/rn18j_multiqc_report_data'
[2020-01-31 07:39:39,055] multiqc                                            [DEBUG  ]  Moving data file from '/scratch.global/zhoux379/nf/tmp/tmpq3knm8me/multiqc_data/mqc_featureCounts_assignment_plot_1.txt' to '/scratch.global/zhoux379/nf/work/28/5f99c9f9f2c07b16d2e743be20dc7d/rn18j_multiqc_report_data'
[2020-01-31 07:39:39,072] multiqc                                            [DEBUG  ]  Moving data file from '/scratch.global/zhoux379/nf/tmp/tmpq3knm8me/multiqc_data/multiqc_salmon.txt' to '/scratch.global/zhoux379/nf/work/28/5f99c9f9f2c07b16d2e743be20dc7d/rn18j_multiqc_report_data'
[2020-01-31 07:39:39,169] multiqc                                            [DEBUG  ]  Moving data file from '/scratch.global/zhoux379/nf/tmp/tmpq3knm8me/multiqc_data/mqc_salmon_plot_1.txt' to '/scratch.global/zhoux379/nf/work/28/5f99c9f9f2c07b16d2e743be20dc7d/rn18j_multiqc_report_data'
[2020-01-31 07:39:39,196] multiqc                                            [DEBUG  ]  Moving data file from '/scratch.global/zhoux379/nf/tmp/tmpq3knm8me/multiqc_data/multiqc_hisat2.txt' to '/scratch.global/zhoux379/nf/work/28/5f99c9f9f2c07b16d2e743be20dc7d/rn18j_multiqc_report_data'
[2020-01-31 07:39:39,267] multiqc                                            [DEBUG  ]  Moving data file from '/scratch.global/zhoux379/nf/tmp/tmpq3knm8me/multiqc_data/mqc_hisat2_pe_plot_1.txt' to '/scratch.global/zhoux379/nf/work/28/5f99c9f9f2c07b16d2e743be20dc7d/rn18j_multiqc_report_data'
[2020-01-31 07:39:39,283] multiqc                                            [DEBUG  ]  Moving data file from '/scratch.global/zhoux379/nf/tmp/tmpq3knm8me/multiqc_data/multiqc_cutadapt.txt' to '/scratch.global/zhoux379/nf/work/28/5f99c9f9f2c07b16d2e743be20dc7d/rn18j_multiqc_report_data'
[2020-01-31 07:39:39,296] multiqc                                            [DEBUG  ]  Moving data file from '/scratch.global/zhoux379/nf/tmp/tmpq3knm8me/multiqc_data/mqc_cutadapt_plot_Counts.txt' to '/scratch.global/zhoux379/nf/work/28/5f99c9f9f2c07b16d2e743be20dc7d/rn18j_multiqc_report_data'
[2020-01-31 07:39:39,321] multiqc                                            [DEBUG  ]  Moving data file from '/scratch.global/zhoux379/nf/tmp/tmpq3knm8me/multiqc_data/mqc_cutadapt_plot_Obs_Exp.txt' to '/scratch.global/zhoux379/nf/work/28/5f99c9f9f2c07b16d2e743be20dc7d/rn18j_multiqc_report_data'
[2020-01-31 07:39:39,339] multiqc                                            [DEBUG  ]  Moving data file from '/scratch.global/zhoux379/nf/tmp/tmpq3knm8me/multiqc_data/multiqc_fastqc.txt' to '/scratch.global/zhoux379/nf/work/28/5f99c9f9f2c07b16d2e743be20dc7d/rn18j_multiqc_report_data'
[2020-01-31 07:39:39,359] multiqc                                            [DEBUG  ]  Moving data file from '/scratch.global/zhoux379/nf/tmp/tmpq3knm8me/multiqc_data/mqc_fastqc_sequence_counts_plot_1.txt' to '/scratch.global/zhoux379/nf/work/28/5f99c9f9f2c07b16d2e743be20dc7d/rn18j_multiqc_report_data'
[2020-01-31 07:39:39,373] multiqc                                            [DEBUG  ]  Moving data file from '/scratch.global/zhoux379/nf/tmp/tmpq3knm8me/multiqc_data/mqc_fastqc_per_base_sequence_quality_plot_1.txt' to '/scratch.global/zhoux379/nf/work/28/5f99c9f9f2c07b16d2e743be20dc7d/rn18j_multiqc_report_data'
[2020-01-31 07:39:39,428] multiqc                                            [DEBUG  ]  Moving data file from '/scratch.global/zhoux379/nf/tmp/tmpq3knm8me/multiqc_data/mqc_fastqc_per_sequence_quality_scores_plot_1.txt' to '/scratch.global/zhoux379/nf/work/28/5f99c9f9f2c07b16d2e743be20dc7d/rn18j_multiqc_report_data'
[2020-01-31 07:39:39,443] multiqc                                            [DEBUG  ]  Moving data file from '/scratch.global/zhoux379/nf/tmp/tmpq3knm8me/multiqc_data/mqc_fastqc_per_sequence_gc_content_plot_Percentages.txt' to '/scratch.global/zhoux379/nf/work/28/5f99c9f9f2c07b16d2e743be20dc7d/rn18j_multiqc_report_data'
[2020-01-31 07:39:39,470] multiqc                                            [DEBUG  ]  Moving data file from '/scratch.global/zhoux379/nf/tmp/tmpq3knm8me/multiqc_data/mqc_fastqc_per_sequence_gc_content_plot_Counts.txt' to '/scratch.global/zhoux379/nf/work/28/5f99c9f9f2c07b16d2e743be20dc7d/rn18j_multiqc_report_data'
[2020-01-31 07:39:39,543] multiqc                                            [DEBUG  ]  Moving data file from '/scratch.global/zhoux379/nf/tmp/tmpq3knm8me/multiqc_data/mqc_fastqc_per_base_n_content_plot_1.txt' to '/scratch.global/zhoux379/nf/work/28/5f99c9f9f2c07b16d2e743be20dc7d/rn18j_multiqc_report_data'
[2020-01-31 07:39:39,665] multiqc                                            [DEBUG  ]  Moving data file from '/scratch.global/zhoux379/nf/tmp/tmpq3knm8me/multiqc_data/mqc_fastqc_sequence_duplication_levels_plot_1.txt' to '/scratch.global/zhoux379/nf/work/28/5f99c9f9f2c07b16d2e743be20dc7d/rn18j_multiqc_report_data'
[2020-01-31 07:39:39,687] multiqc                                            [DEBUG  ]  Moving data file from '/scratch.global/zhoux379/nf/tmp/tmpq3knm8me/multiqc_data/mqc_fastqc_adapter_content_plot_1.txt' to '/scratch.global/zhoux379/nf/work/28/5f99c9f9f2c07b16d2e743be20dc7d/rn18j_multiqc_report_data'
[2020-01-31 07:39:39,704] multiqc                                            [DEBUG  ]  Moving data file from '/scratch.global/zhoux379/nf/tmp/tmpq3knm8me/multiqc_data/multiqc_general_stats.txt' to '/scratch.global/zhoux379/nf/work/28/5f99c9f9f2c07b16d2e743be20dc7d/rn18j_multiqc_report_data'
[2020-01-31 07:39:39,736] multiqc                                            [DEBUG  ]  Moving data file from '/scratch.global/zhoux379/nf/tmp/tmpq3knm8me/multiqc_data/multiqc_sources.txt' to '/scratch.global/zhoux379/nf/work/28/5f99c9f9f2c07b16d2e743be20dc7d/rn18j_multiqc_report_data'
[2020-01-31 07:39:39,755] multiqc                                            [DEBUG  ]  Moving data file from '/scratch.global/zhoux379/nf/tmp/tmpq3knm8me/multiqc_data/multiqc_data.json' to '/scratch.global/zhoux379/nf/work/28/5f99c9f9f2c07b16d2e743be20dc7d/rn18j_multiqc_report_data'
[2020-01-31 07:39:40,211] multiqc                                            [INFO   ]  Plots       : multiqc_plots
[2020-01-31 07:39:40,214] multiqc                                            [DEBUG  ]  Moving plots directory from '/scratch.global/zhoux379/nf/tmp/tmpq3knm8me/multiqc_plots/png' to '/scratch.global/zhoux379/nf/work/28/5f99c9f9f2c07b16d2e743be20dc7d/multiqc_plots'
[2020-01-31 07:39:42,713] multiqc                                            [DEBUG  ]  Moving plots directory from '/scratch.global/zhoux379/nf/tmp/tmpq3knm8me/multiqc_plots/svg' to '/scratch.global/zhoux379/nf/work/28/5f99c9f9f2c07b16d2e743be20dc7d/multiqc_plots'
[2020-01-31 07:39:47,840] multiqc                                            [DEBUG  ]  Moving plots directory from '/scratch.global/zhoux379/nf/tmp/tmpq3knm8me/multiqc_plots/pdf' to '/scratch.global/zhoux379/nf/work/28/5f99c9f9f2c07b16d2e743be20dc7d/multiqc_plots'
[2020-01-31 07:43:21,885] multiqc                                            [INFO   ]  MultiQC complete
